2025-12-14 11:15:06,145 run log started for path=linear, gamma_type=bsquared, epsilon=eps-0.5
2025-12-14 11:15:06,145 log file: logs/cifar10_dog_patch6x6_np4_eps-0.5/20251214_111506_linear_bsquared_eps-0.5.log
2025-12-14 11:15:06,145 
creating u-net architectures...
2025-12-14 11:15:06,154 b network parameters: 9,402,371
2025-12-14 11:15:06,154 eta network parameters: 9,402,371
2025-12-14 11:15:06,154 
starting training...

2025-12-14 11:15:06,503 [path=linear | gamma_type=bsquared | eps=eps-0.5] epoch 1: loss=2419.8101, b_loss=1455.0825, eta_loss=964.7275
2025-12-14 11:15:06,503 
epoch: 1
2025-12-14 11:15:06,570 [verbose] cleared cuda cache, allocated: 0.37 GB, reserved: 0.51 GB, total: 19.53 GB
2025-12-14 11:15:06,570 [verbose] using visualization batch size: 4
2025-12-14 11:15:06,573 [verbose] starting probability flow integration with rk4 method (sample_only=True to save memory)...
2025-12-14 11:15:06,629 [verbose] integration complete (batch mode)
2025-12-14 11:15:06,921 [verbose] models set back to train mode
2025-12-14 11:15:07,028 saved checkpoint at epoch 1 for path=linear, gamma_type=bsquared, epsilon=eps-0.5
2025-12-14 11:15:24,130 [path=linear | gamma_type=bsquared | eps=eps-0.5] epoch 101: loss=-4160.3145, b_loss=19.5228, eta_loss=-4179.8374
2025-12-14 11:15:41,242 [path=linear | gamma_type=bsquared | eps=eps-0.5] epoch 201: loss=-4614.8096, b_loss=-134.9737, eta_loss=-4479.8359
2025-12-14 11:15:58,367 [path=linear | gamma_type=bsquared | eps=eps-0.5] epoch 301: loss=-6116.4141, b_loss=-1467.4307, eta_loss=-4648.9834
2025-12-14 11:16:15,520 [path=linear | gamma_type=bsquared | eps=eps-0.5] epoch 401: loss=-7581.8984, b_loss=-2907.5271, eta_loss=-4674.3716
2025-12-14 11:16:32,686 [path=linear | gamma_type=bsquared | eps=eps-0.5] epoch 501: loss=-7304.4731, b_loss=-2920.0688, eta_loss=-4384.4043
2025-12-14 11:16:32,686 
epoch: 501
2025-12-14 11:16:32,753 [verbose] cleared cuda cache, allocated: 0.37 GB, reserved: 0.56 GB, total: 19.53 GB
2025-12-14 11:16:32,753 [verbose] using visualization batch size: 4
2025-12-14 11:16:32,755 [verbose] starting probability flow integration with rk4 method (sample_only=True to save memory)...
2025-12-14 11:16:32,789 [verbose] integration complete (batch mode)
2025-12-14 11:16:33,086 [verbose] models set back to train mode
2025-12-14 11:16:33,199 saved checkpoint at epoch 501 for path=linear, gamma_type=bsquared, epsilon=eps-0.5
2025-12-14 11:16:50,397 [path=linear | gamma_type=bsquared | eps=eps-0.5] epoch 601: loss=-7901.9609, b_loss=-2969.1201, eta_loss=-4932.8408
2025-12-14 11:17:07,601 [path=linear | gamma_type=bsquared | eps=eps-0.5] epoch 701: loss=-8316.1211, b_loss=-3594.5938, eta_loss=-4721.5278
2025-12-14 11:17:24,822 [path=linear | gamma_type=bsquared | eps=eps-0.5] epoch 801: loss=-8049.8662, b_loss=-3165.1597, eta_loss=-4884.7065
2025-12-14 11:17:42,043 [path=linear | gamma_type=bsquared | eps=eps-0.5] epoch 901: loss=-7717.0542, b_loss=-2689.2798, eta_loss=-5027.7744
2025-12-14 11:17:59,261 [path=linear | gamma_type=bsquared | eps=eps-0.5] epoch 1001: loss=-8321.1357, b_loss=-3717.1367, eta_loss=-4603.9990
2025-12-14 11:17:59,261 
epoch: 1001
2025-12-14 11:17:59,328 [verbose] cleared cuda cache, allocated: 0.37 GB, reserved: 0.60 GB, total: 19.53 GB
2025-12-14 11:17:59,329 [verbose] using visualization batch size: 4
2025-12-14 11:17:59,331 [verbose] starting probability flow integration with rk4 method (sample_only=True to save memory)...
2025-12-14 11:17:59,365 [verbose] integration complete (batch mode)
2025-12-14 11:17:59,659 [verbose] models set back to train mode
2025-12-14 11:17:59,771 saved checkpoint at epoch 1001 for path=linear, gamma_type=bsquared, epsilon=eps-0.5
2025-12-14 11:18:17,007 [path=linear | gamma_type=bsquared | eps=eps-0.5] epoch 1101: loss=-7807.0254, b_loss=-3159.8535, eta_loss=-4647.1719
2025-12-14 11:18:34,236 [path=linear | gamma_type=bsquared | eps=eps-0.5] epoch 1201: loss=-8289.2285, b_loss=-3315.7881, eta_loss=-4973.4404
2025-12-14 11:18:51,463 [path=linear | gamma_type=bsquared | eps=eps-0.5] epoch 1301: loss=-7460.9482, b_loss=-2553.3223, eta_loss=-4907.6260
2025-12-14 11:19:08,692 [path=linear | gamma_type=bsquared | eps=eps-0.5] epoch 1401: loss=-7787.9868, b_loss=-2599.4106, eta_loss=-5188.5762
2025-12-14 11:19:25,928 [path=linear | gamma_type=bsquared | eps=eps-0.5] epoch 1501: loss=-7553.9321, b_loss=-2550.2134, eta_loss=-5003.7188
2025-12-14 11:19:25,928 
epoch: 1501
2025-12-14 11:19:25,992 [verbose] cleared cuda cache, allocated: 0.37 GB, reserved: 0.63 GB, total: 19.53 GB
2025-12-14 11:19:25,992 [verbose] using visualization batch size: 4
2025-12-14 11:19:25,995 [verbose] starting probability flow integration with rk4 method (sample_only=True to save memory)...
2025-12-14 11:19:26,029 [verbose] integration complete (batch mode)
2025-12-14 11:19:26,424 [verbose] models set back to train mode
2025-12-14 11:19:26,546 saved checkpoint at epoch 1501 for path=linear, gamma_type=bsquared, epsilon=eps-0.5
2025-12-14 11:19:43,759 [path=linear | gamma_type=bsquared | eps=eps-0.5] epoch 1601: loss=-8149.3096, b_loss=-2983.3123, eta_loss=-5165.9976
2025-12-14 11:20:00,964 [path=linear | gamma_type=bsquared | eps=eps-0.5] epoch 1701: loss=-8362.7666, b_loss=-3384.5029, eta_loss=-4978.2637
2025-12-14 11:20:18,178 [path=linear | gamma_type=bsquared | eps=eps-0.5] epoch 1801: loss=-7906.3267, b_loss=-3186.6782, eta_loss=-4719.6484
2025-12-14 11:20:35,395 [path=linear | gamma_type=bsquared | eps=eps-0.5] epoch 1901: loss=-8198.5508, b_loss=-3276.1743, eta_loss=-4922.3760
2025-12-14 11:20:52,607 [path=linear | gamma_type=bsquared | eps=eps-0.5] epoch 2001: loss=-8470.4629, b_loss=-3741.9624, eta_loss=-4728.5000
2025-12-14 11:20:52,607 
epoch: 2001
2025-12-14 11:20:52,672 [verbose] cleared cuda cache, allocated: 0.37 GB, reserved: 0.62 GB, total: 19.53 GB
2025-12-14 11:20:52,673 [verbose] using visualization batch size: 4
2025-12-14 11:20:52,675 [verbose] starting probability flow integration with rk4 method (sample_only=True to save memory)...
2025-12-14 11:20:52,709 [verbose] integration complete (batch mode)
2025-12-14 11:20:53,024 [verbose] models set back to train mode
2025-12-14 11:20:53,148 saved checkpoint at epoch 2001 for path=linear, gamma_type=bsquared, epsilon=eps-0.5
2025-12-14 11:21:10,385 [path=linear | gamma_type=bsquared | eps=eps-0.5] epoch 2101: loss=-8884.8652, b_loss=-3889.2559, eta_loss=-4995.6089
2025-12-14 11:21:27,610 [path=linear | gamma_type=bsquared | eps=eps-0.5] epoch 2201: loss=-8670.2148, b_loss=-3842.3599, eta_loss=-4827.8555
2025-12-14 11:21:44,835 [path=linear | gamma_type=bsquared | eps=eps-0.5] epoch 2301: loss=-8774.9336, b_loss=-3816.0361, eta_loss=-4958.8975
2025-12-14 11:22:02,058 [path=linear | gamma_type=bsquared | eps=eps-0.5] epoch 2401: loss=-8340.0537, b_loss=-3216.2273, eta_loss=-5123.8267
2025-12-14 11:22:19,283 [path=linear | gamma_type=bsquared | eps=eps-0.5] epoch 2501: loss=-8601.2305, b_loss=-3535.2886, eta_loss=-5065.9424
2025-12-14 11:22:19,283 
epoch: 2501
2025-12-14 11:22:19,348 [verbose] cleared cuda cache, allocated: 0.37 GB, reserved: 0.62 GB, total: 19.53 GB
2025-12-14 11:22:19,348 [verbose] using visualization batch size: 4
2025-12-14 11:22:19,350 [verbose] starting probability flow integration with rk4 method (sample_only=True to save memory)...
2025-12-14 11:22:19,384 [verbose] integration complete (batch mode)
2025-12-14 11:22:19,680 [verbose] models set back to train mode
2025-12-14 11:22:19,784 saved checkpoint at epoch 2501 for path=linear, gamma_type=bsquared, epsilon=eps-0.5
2025-12-14 11:22:37,007 [path=linear | gamma_type=bsquared | eps=eps-0.5] epoch 2601: loss=-8528.2441, b_loss=-3254.0093, eta_loss=-5274.2344
2025-12-14 11:22:54,229 [path=linear | gamma_type=bsquared | eps=eps-0.5] epoch 2701: loss=-9154.5215, b_loss=-4288.1182, eta_loss=-4866.4038
2025-12-14 11:23:11,469 [path=linear | gamma_type=bsquared | eps=eps-0.5] epoch 2801: loss=-8298.8525, b_loss=-3069.2793, eta_loss=-5229.5732
2025-12-14 11:23:28,697 [path=linear | gamma_type=bsquared | eps=eps-0.5] epoch 2901: loss=-8583.4268, b_loss=-3497.4812, eta_loss=-5085.9453
2025-12-14 11:23:45,922 [path=linear | gamma_type=bsquared | eps=eps-0.5] epoch 3001: loss=-7429.3223, b_loss=-2749.0989, eta_loss=-4680.2236
2025-12-14 11:23:45,922 
epoch: 3001
2025-12-14 11:23:45,986 [verbose] cleared cuda cache, allocated: 0.37 GB, reserved: 0.62 GB, total: 19.53 GB
2025-12-14 11:23:45,987 [verbose] using visualization batch size: 4
2025-12-14 11:23:45,989 [verbose] starting probability flow integration with rk4 method (sample_only=True to save memory)...
2025-12-14 11:23:46,023 [verbose] integration complete (batch mode)
2025-12-14 11:23:46,325 [verbose] models set back to train mode
2025-12-14 11:23:46,430 saved checkpoint at epoch 3001 for path=linear, gamma_type=bsquared, epsilon=eps-0.5
2025-12-14 11:24:03,689 [path=linear | gamma_type=bsquared | eps=eps-0.5] epoch 3101: loss=-8799.0908, b_loss=-3818.6667, eta_loss=-4980.4238
2025-12-14 11:24:20,937 [path=linear | gamma_type=bsquared | eps=eps-0.5] epoch 3201: loss=-8609.2100, b_loss=-3355.3296, eta_loss=-5253.8804
2025-12-14 11:24:38,186 [path=linear | gamma_type=bsquared | eps=eps-0.5] epoch 3301: loss=-8217.8047, b_loss=-2977.3975, eta_loss=-5240.4072
2025-12-14 11:24:55,437 [path=linear | gamma_type=bsquared | eps=eps-0.5] epoch 3401: loss=-8438.9639, b_loss=-3646.2070, eta_loss=-4792.7568
2025-12-14 11:25:12,692 [path=linear | gamma_type=bsquared | eps=eps-0.5] epoch 3501: loss=-8313.8418, b_loss=-3425.1807, eta_loss=-4888.6611
2025-12-14 11:25:12,692 
epoch: 3501
2025-12-14 11:25:12,757 [verbose] cleared cuda cache, allocated: 0.37 GB, reserved: 0.62 GB, total: 19.53 GB
2025-12-14 11:25:12,757 [verbose] using visualization batch size: 4
2025-12-14 11:25:12,759 [verbose] starting probability flow integration with rk4 method (sample_only=True to save memory)...
2025-12-14 11:25:12,793 [verbose] integration complete (batch mode)
2025-12-14 11:25:13,209 [verbose] models set back to train mode
2025-12-14 11:25:13,313 saved checkpoint at epoch 3501 for path=linear, gamma_type=bsquared, epsilon=eps-0.5
2025-12-14 11:25:30,559 [path=linear | gamma_type=bsquared | eps=eps-0.5] epoch 3601: loss=-8125.1865, b_loss=-3169.8184, eta_loss=-4955.3682
2025-12-14 11:25:47,794 [path=linear | gamma_type=bsquared | eps=eps-0.5] epoch 3701: loss=-8528.1816, b_loss=-3247.9976, eta_loss=-5280.1836
2025-12-14 11:26:05,026 [path=linear | gamma_type=bsquared | eps=eps-0.5] epoch 3801: loss=-9065.3623, b_loss=-3944.1460, eta_loss=-5121.2163
2025-12-14 11:26:22,264 [path=linear | gamma_type=bsquared | eps=eps-0.5] epoch 3901: loss=-8238.3535, b_loss=-3125.8267, eta_loss=-5112.5273
2025-12-14 11:26:39,513 [path=linear | gamma_type=bsquared | eps=eps-0.5] epoch 4001: loss=-8830.4727, b_loss=-3659.7034, eta_loss=-5170.7690
2025-12-14 11:26:39,513 
epoch: 4001
2025-12-14 11:26:39,581 [verbose] cleared cuda cache, allocated: 0.37 GB, reserved: 0.62 GB, total: 19.53 GB
2025-12-14 11:26:39,581 [verbose] using visualization batch size: 4
2025-12-14 11:26:39,583 [verbose] starting probability flow integration with rk4 method (sample_only=True to save memory)...
2025-12-14 11:26:39,617 [verbose] integration complete (batch mode)
2025-12-14 11:26:39,924 [verbose] models set back to train mode
2025-12-14 11:26:40,039 saved checkpoint at epoch 4001 for path=linear, gamma_type=bsquared, epsilon=eps-0.5
2025-12-14 11:26:57,272 [path=linear | gamma_type=bsquared | eps=eps-0.5] epoch 4101: loss=-8028.9751, b_loss=-3087.3960, eta_loss=-4941.5791
2025-12-14 11:27:14,491 [path=linear | gamma_type=bsquared | eps=eps-0.5] epoch 4201: loss=-8069.4492, b_loss=-2934.5840, eta_loss=-5134.8652
2025-12-14 11:27:31,706 [path=linear | gamma_type=bsquared | eps=eps-0.5] epoch 4301: loss=-8432.3398, b_loss=-3479.8640, eta_loss=-4952.4756
2025-12-14 11:27:48,923 [path=linear | gamma_type=bsquared | eps=eps-0.5] epoch 4401: loss=-8418.3359, b_loss=-3195.4556, eta_loss=-5222.8799
2025-12-14 11:28:06,151 [path=linear | gamma_type=bsquared | eps=eps-0.5] epoch 4501: loss=-7621.3076, b_loss=-2500.0789, eta_loss=-5121.2285
2025-12-14 11:28:06,151 
epoch: 4501
2025-12-14 11:28:06,216 [verbose] cleared cuda cache, allocated: 0.37 GB, reserved: 0.62 GB, total: 19.53 GB
2025-12-14 11:28:06,216 [verbose] using visualization batch size: 4
2025-12-14 11:28:06,218 [verbose] starting probability flow integration with rk4 method (sample_only=True to save memory)...
2025-12-14 11:28:06,252 [verbose] integration complete (batch mode)
2025-12-14 11:28:06,544 [verbose] models set back to train mode
2025-12-14 11:28:06,650 saved checkpoint at epoch 4501 for path=linear, gamma_type=bsquared, epsilon=eps-0.5
2025-12-14 11:28:23,882 [path=linear | gamma_type=bsquared | eps=eps-0.5] epoch 4601: loss=-8419.9365, b_loss=-3319.0593, eta_loss=-5100.8770
2025-12-14 11:28:41,106 [path=linear | gamma_type=bsquared | eps=eps-0.5] epoch 4701: loss=-7871.3281, b_loss=-2803.6746, eta_loss=-5067.6533
2025-12-14 11:28:58,322 [path=linear | gamma_type=bsquared | eps=eps-0.5] epoch 4801: loss=-9101.5557, b_loss=-3972.1516, eta_loss=-5129.4043
2025-12-14 11:29:15,542 [path=linear | gamma_type=bsquared | eps=eps-0.5] epoch 4901: loss=-7725.9121, b_loss=-2656.4651, eta_loss=-5069.4473
2025-12-14 11:29:32,591 
training complete for path=linear, gamma_type=bsquared

2025-12-14 11:29:32,591 
using interpolant: path=linear, gamma_type=sinesquared, epsilon=eps-0.5
